22:49:03 [Test worker] INFO  manager.ApplicationManager - Tests starts on Chrome Driver
22:49:14 [Test worker] INFO  manager.ApplicationManager - Navigate to link ---> https://ilcarro.xyz/search
22:49:14 [Test worker] INFO  tests.TestBase - Start test --->loginSuccess
22:49:14 [Test worker] INFO  manager.MyListener - Start search element --->By.xpath: //a[text()=' Log in ']
22:49:14 [Test worker] INFO  manager.MyListener - The element --->By.xpath: //a[text()=' Log in '] was found
22:49:14 [Test worker] INFO  tests.TestBase - With user ---->models.User@289fd21d
22:49:14 [Test worker] INFO  manager.MyListener - Start search element --->By.xpath: //a[text()=' Log in ']
22:49:14 [Test worker] INFO  manager.MyListener - The element --->By.xpath: //a[text()=' Log in '] was found
22:49:14 [Test worker] INFO  manager.MyListener - Start search element --->By.id: email
22:49:14 [Test worker] INFO  manager.MyListener - The element --->By.id: email was found
22:49:14 [Test worker] INFO  manager.MyListener - Start search element --->By.id: password
22:49:15 [Test worker] INFO  manager.MyListener - The element --->By.id: password was found
22:49:15 [Test worker] INFO  manager.MyListener - Start search element --->By.cssSelector: [type='submit']
22:49:15 [Test worker] INFO  manager.MyListener - The element --->By.cssSelector: [type='submit'] was found
22:49:15 [Test worker] INFO  manager.MyListener - Start search element --->By.cssSelector: #example-modal-sizes-title-lg
22:49:23 [Test worker] INFO  manager.MyListener - We have a throwable --> org.openqa.selenium.NoSuchElementException: no such element: Unable to locate element: {"method":"css selector","selector":"#example-modal-sizes-title-lg"}
  (Session info: chrome=96.0.4664.93)
For documentation on this error, please visit: https://www.seleniumhq.org/exceptions/no_such_element.html
Build info: version: '3.141.59', revision: 'e82be7d358', time: '2018-11-14T08:17:03'
System info: host: 'LAPTOP-TKIRCF4L', ip: '192.168.1.17', os.name: 'Windows 10', os.arch: 'amd64', os.version: '10.0', java.version: '1.8.0_312'
Driver info: org.openqa.selenium.chrome.ChromeDriver
Capabilities {acceptInsecureCerts: false, browserName: chrome, browserVersion: 96.0.4664.93, chrome: {chromedriverVersion: 96.0.4664.45 (76e4c1bb2ab46..., userDataDir: C:\Users\alisi\AppData\Loca...}, goog:chromeOptions: {debuggerAddress: localhost:49858}, javascriptEnabled: true, networkConnectionEnabled: false, pageLoadStrategy: normal, platform: WINDOWS, platformName: WINDOWS, proxy: Proxy(), setWindowRect: true, strictFileInteractability: false, timeouts: {implicit: 0, pageLoad: 300000, script: 30000}, unhandledPromptBehavior: dismiss and notify, webauthn:extension:credBlob: true, webauthn:extension:largeBlob: true, webauthn:virtualAuthenticators: true}
Session ID: 5ec66fe147e72c6abf38021b8f6879d9
*** Element info: {Using=css selector, value=#example-modal-sizes-title-lg}
22:49:23 [Test worker] INFO  manager.MyListener - Screenshot with throwable -->src/test/screenshots/screenshot-2963.png
22:49:23 [Test worker] INFO  manager.MyListener - Start search element --->By.xpath: //button[text()='Ok']
22:49:23 [Test worker] INFO  manager.MyListener - The element --->By.xpath: //button[text()='Ok'] was found
22:49:23 [Test worker] INFO  manager.MyListener - Start search element --->By.xpath: //button[text()='Ok']
22:49:23 [Test worker] INFO  manager.MyListener - The element --->By.xpath: //button[text()='Ok'] was found
22:49:23 [Test worker] INFO  tests.TestBase - The end of test---->loginSuccess
22:49:23 [Test worker] INFO  tests.TestBase - Start test --->loginSuccess
22:49:23 [Test worker] INFO  manager.MyListener - Start search element --->By.xpath: //a[text()=' Log in ']
22:49:31 [Test worker] INFO  manager.MyListener - The element --->By.xpath: //a[text()=' Log in '] was found
22:49:31 [Test worker] INFO  manager.MyListener - Start search element --->By.xpath: //a[text()=' Logout ']
22:49:32 [Test worker] INFO  manager.MyListener - The element --->By.xpath: //a[text()=' Logout '] was found
22:49:32 [Test worker] INFO  tests.TestBase - With user ---->models.User@44e91429
22:49:32 [Test worker] INFO  manager.MyListener - Start search element --->By.xpath: //a[text()=' Log in ']
22:49:32 [Test worker] INFO  manager.MyListener - The element --->By.xpath: //a[text()=' Log in '] was found
22:49:32 [Test worker] INFO  manager.MyListener - Start search element --->By.id: email
22:49:32 [Test worker] INFO  manager.MyListener - The element --->By.id: email was found
22:49:32 [Test worker] INFO  manager.MyListener - Start search element --->By.id: password
22:49:32 [Test worker] INFO  manager.MyListener - The element --->By.id: password was found
22:49:32 [Test worker] INFO  manager.MyListener - Start search element --->By.cssSelector: [type='submit']
22:49:32 [Test worker] INFO  manager.MyListener - The element --->By.cssSelector: [type='submit'] was found
22:49:32 [Test worker] INFO  manager.MyListener - Start search element --->By.cssSelector: #example-modal-sizes-title-lg
22:49:40 [Test worker] INFO  manager.MyListener - We have a throwable --> org.openqa.selenium.NoSuchElementException: no such element: Unable to locate element: {"method":"css selector","selector":"#example-modal-sizes-title-lg"}
  (Session info: chrome=96.0.4664.93)
For documentation on this error, please visit: https://www.seleniumhq.org/exceptions/no_such_element.html
Build info: version: '3.141.59', revision: 'e82be7d358', time: '2018-11-14T08:17:03'
System info: host: 'LAPTOP-TKIRCF4L', ip: '192.168.1.17', os.name: 'Windows 10', os.arch: 'amd64', os.version: '10.0', java.version: '1.8.0_312'
Driver info: org.openqa.selenium.chrome.ChromeDriver
Capabilities {acceptInsecureCerts: false, browserName: chrome, browserVersion: 96.0.4664.93, chrome: {chromedriverVersion: 96.0.4664.45 (76e4c1bb2ab46..., userDataDir: C:\Users\alisi\AppData\Loca...}, goog:chromeOptions: {debuggerAddress: localhost:49858}, javascriptEnabled: true, networkConnectionEnabled: false, pageLoadStrategy: normal, platform: WINDOWS, platformName: WINDOWS, proxy: Proxy(), setWindowRect: true, strictFileInteractability: false, timeouts: {implicit: 0, pageLoad: 300000, script: 30000}, unhandledPromptBehavior: dismiss and notify, webauthn:extension:credBlob: true, webauthn:extension:largeBlob: true, webauthn:virtualAuthenticators: true}
Session ID: 5ec66fe147e72c6abf38021b8f6879d9
*** Element info: {Using=css selector, value=#example-modal-sizes-title-lg}
22:49:40 [Test worker] INFO  manager.MyListener - Screenshot with throwable -->src/test/screenshots/screenshot-2980.png
22:49:40 [Test worker] INFO  manager.MyListener - Start search element --->By.xpath: //button[text()='Ok']
22:49:40 [Test worker] INFO  manager.MyListener - The element --->By.xpath: //button[text()='Ok'] was found
22:49:40 [Test worker] INFO  manager.MyListener - Start search element --->By.xpath: //button[text()='Ok']
22:49:40 [Test worker] INFO  manager.MyListener - The element --->By.xpath: //button[text()='Ok'] was found
22:49:40 [Test worker] INFO  tests.TestBase - The end of test---->loginSuccess
22:49:54 [Test worker] INFO  manager.ApplicationManager - Tests starts on Chrome Driver
22:49:56 [Test worker] INFO  manager.ApplicationManager - Navigate to link ---> https://ilcarro.xyz/search
22:49:56 [Test worker] INFO  tests.TestBase - Start test --->loginSuccess
22:49:56 [Test worker] INFO  manager.MyListener - Start search element --->By.xpath: //a[text()=' Log in ']
22:49:56 [Test worker] INFO  manager.MyListener - The element --->By.xpath: //a[text()=' Log in '] was found
22:49:56 [Test worker] INFO  tests.TestBase - With user ---->models.User@289fd21d
22:49:56 [Test worker] INFO  manager.MyListener - Start search element --->By.xpath: //a[text()=' Log in ']
22:49:56 [Test worker] INFO  manager.MyListener - The element --->By.xpath: //a[text()=' Log in '] was found
22:49:56 [Test worker] INFO  manager.MyListener - Start search element --->By.id: email
22:49:56 [Test worker] INFO  manager.MyListener - The element --->By.id: email was found
22:49:56 [Test worker] INFO  manager.MyListener - Start search element --->By.id: password
22:49:56 [Test worker] INFO  manager.MyListener - The element --->By.id: password was found
22:49:56 [Test worker] INFO  manager.MyListener - Start search element --->By.cssSelector: [type='submit']
22:49:56 [Test worker] INFO  manager.MyListener - The element --->By.cssSelector: [type='submit'] was found
22:49:57 [Test worker] INFO  manager.MyListener - Start search element --->By.xpath: //button[text()='Ok']
22:49:57 [Test worker] INFO  manager.MyListener - The element --->By.xpath: //button[text()='Ok'] was found
22:49:57 [Test worker] INFO  manager.MyListener - Start search element --->By.xpath: //button[text()='Ok']
22:49:57 [Test worker] INFO  manager.MyListener - The element --->By.xpath: //button[text()='Ok'] was found
22:49:57 [Test worker] INFO  tests.TestBase - The end of test---->loginSuccess
22:49:57 [Test worker] INFO  tests.TestBase - Start test --->loginSuccess
22:49:57 [Test worker] INFO  manager.MyListener - Start search element --->By.xpath: //a[text()=' Log in ']
22:50:05 [Test worker] INFO  manager.MyListener - The element --->By.xpath: //a[text()=' Log in '] was found
22:50:05 [Test worker] INFO  manager.MyListener - Start search element --->By.xpath: //a[text()=' Logout ']
22:50:05 [Test worker] INFO  manager.MyListener - The element --->By.xpath: //a[text()=' Logout '] was found
22:50:05 [Test worker] INFO  tests.TestBase - With user ---->models.User@1126e444
22:50:05 [Test worker] INFO  manager.MyListener - Start search element --->By.xpath: //a[text()=' Log in ']
22:50:05 [Test worker] INFO  manager.MyListener - The element --->By.xpath: //a[text()=' Log in '] was found
22:50:05 [Test worker] INFO  manager.MyListener - Start search element --->By.id: email
22:50:05 [Test worker] INFO  manager.MyListener - The element --->By.id: email was found
22:50:05 [Test worker] INFO  manager.MyListener - Start search element --->By.id: password
22:50:05 [Test worker] INFO  manager.MyListener - The element --->By.id: password was found
22:50:06 [Test worker] INFO  manager.MyListener - Start search element --->By.cssSelector: [type='submit']
22:50:06 [Test worker] INFO  manager.MyListener - The element --->By.cssSelector: [type='submit'] was found
22:50:06 [Test worker] INFO  manager.MyListener - Start search element --->By.xpath: //button[text()='Ok']
22:50:07 [Test worker] INFO  manager.MyListener - The element --->By.xpath: //button[text()='Ok'] was found
22:50:07 [Test worker] INFO  manager.MyListener - Start search element --->By.xpath: //button[text()='Ok']
22:50:07 [Test worker] INFO  manager.MyListener - The element --->By.xpath: //button[text()='Ok'] was found
22:50:07 [Test worker] INFO  tests.TestBase - The end of test---->loginSuccess
