18:27:09 [Test worker] INFO  manager.ApplicationManager - Tests starts on Chrome Driver
18:27:11 [Test worker] INFO  manager.ApplicationManager - Navigate to link ---> https://ilcarro.xyz/search
18:27:11 [Test worker] INFO  tests.TestBase - Start test --->loginSuccess
18:27:11 [Test worker] INFO  manager.MyListener - Start search element --->By.xpath: //a[text()=' Log in ']
18:27:11 [Test worker] INFO  manager.MyListener - The element --->By.xpath: //a[text()=' Log in '] was found
18:27:11 [Test worker] INFO  manager.NgListener - Start of test ---->loginSuccess
18:27:11 [Test worker] INFO  tests.TestBase - With user ---->models.User@90033
18:27:11 [Test worker] INFO  manager.MyListener - Start search element --->By.xpath: //a[text()=' Log in ']
18:27:11 [Test worker] INFO  manager.MyListener - The element --->By.xpath: //a[text()=' Log in '] was found
18:27:11 [Test worker] INFO  manager.MyListener - Start search element --->By.id: email
18:27:11 [Test worker] INFO  manager.MyListener - The element --->By.id: email was found
18:27:11 [Test worker] INFO  manager.MyListener - Start search element --->By.id: password
18:27:11 [Test worker] INFO  manager.MyListener - The element --->By.id: password was found
18:27:12 [Test worker] INFO  manager.MyListener - Start search element --->By.cssSelector: [type='submit']
18:27:12 [Test worker] INFO  manager.MyListener - The element --->By.cssSelector: [type='submit'] was found
18:27:12 [Test worker] INFO  manager.MyListener - Start search element --->By.cssSelector: #example-modal-sizes-title-lg
18:27:20 [Test worker] INFO  manager.MyListener - We have a throwable --> org.openqa.selenium.NoSuchElementException: no such element: Unable to locate element: {"method":"css selector","selector":"#example-modal-sizes-title-lg"}
  (Session info: chrome=96.0.4664.45)
For documentation on this error, please visit: https://www.seleniumhq.org/exceptions/no_such_element.html
Build info: version: '3.141.59', revision: 'e82be7d358', time: '2018-11-14T08:17:03'
System info: host: 'LAPTOP-TKIRCF4L', ip: '192.168.1.17', os.name: 'Windows 10', os.arch: 'amd64', os.version: '10.0', java.version: '1.8.0_312'
Driver info: org.openqa.selenium.chrome.ChromeDriver
Capabilities {acceptInsecureCerts: false, browserName: chrome, browserVersion: 96.0.4664.45, chrome: {chromedriverVersion: 96.0.4664.45 (76e4c1bb2ab46..., userDataDir: C:\Users\alisi\AppData\Loca...}, goog:chromeOptions: {debuggerAddress: localhost:50300}, javascriptEnabled: true, networkConnectionEnabled: false, pageLoadStrategy: normal, platform: WINDOWS, platformName: WINDOWS, proxy: Proxy(), setWindowRect: true, strictFileInteractability: false, timeouts: {implicit: 0, pageLoad: 300000, script: 30000}, unhandledPromptBehavior: dismiss and notify, webauthn:extension:credBlob: true, webauthn:extension:largeBlob: true, webauthn:virtualAuthenticators: true}
Session ID: 5096e774123b14ee05b4b6a12996ef39
*** Element info: {Using=css selector, value=#example-modal-sizes-title-lg}
18:27:20 [Test worker] INFO  manager.MyListener - Screenshot with throwable -->src/test/screenshots/screenshot-1640.png
18:27:20 [Test worker] INFO  manager.NgListener - Test Failure -->org.openqa.selenium.NoSuchElementException: no such element: Unable to locate element: {"method":"css selector","selector":"#example-modal-sizes-title-lg"}
  (Session info: chrome=96.0.4664.45)
For documentation on this error, please visit: https://www.seleniumhq.org/exceptions/no_such_element.html
Build info: version: '3.141.59', revision: 'e82be7d358', time: '2018-11-14T08:17:03'
System info: host: 'LAPTOP-TKIRCF4L', ip: '192.168.1.17', os.name: 'Windows 10', os.arch: 'amd64', os.version: '10.0', java.version: '1.8.0_312'
Driver info: org.openqa.selenium.chrome.ChromeDriver
Capabilities {acceptInsecureCerts: false, browserName: chrome, browserVersion: 96.0.4664.45, chrome: {chromedriverVersion: 96.0.4664.45 (76e4c1bb2ab46..., userDataDir: C:\Users\alisi\AppData\Loca...}, goog:chromeOptions: {debuggerAddress: localhost:50300}, javascriptEnabled: true, networkConnectionEnabled: false, pageLoadStrategy: normal, platform: WINDOWS, platformName: WINDOWS, proxy: Proxy(), setWindowRect: true, strictFileInteractability: false, timeouts: {implicit: 0, pageLoad: 300000, script: 30000}, unhandledPromptBehavior: dismiss and notify, webauthn:extension:credBlob: true, webauthn:extension:largeBlob: true, webauthn:virtualAuthenticators: true}
Session ID: 5096e774123b14ee05b4b6a12996ef39
*** Element info: {Using=css selector, value=#example-modal-sizes-title-lg}
18:27:20 [Test worker] INFO  manager.MyListener - Start search element --->By.xpath: //button[text()='Ok']
18:27:20 [Test worker] INFO  manager.MyListener - The element --->By.xpath: //button[text()='Ok'] was found
18:27:20 [Test worker] INFO  manager.MyListener - Start search element --->By.xpath: //button[text()='Ok']
18:27:20 [Test worker] INFO  manager.MyListener - The element --->By.xpath: //button[text()='Ok'] was found
18:27:20 [Test worker] INFO  tests.TestBase - The end of test---->loginSuccess
18:27:20 [Test worker] INFO  tests.TestBase - Start test --->loginSuccess
18:27:20 [Test worker] INFO  manager.MyListener - Start search element --->By.xpath: //a[text()=' Log in ']
18:27:28 [Test worker] INFO  manager.MyListener - The element --->By.xpath: //a[text()=' Log in '] was found
18:27:28 [Test worker] INFO  manager.MyListener - Start search element --->By.xpath: //a[text()=' Logout ']
18:27:28 [Test worker] INFO  manager.MyListener - The element --->By.xpath: //a[text()=' Logout '] was found
18:27:28 [Test worker] INFO  manager.NgListener - Start of test ---->loginSuccess
18:27:28 [Test worker] INFO  tests.TestBase - With user ---->models.User@4df9d489
18:27:28 [Test worker] INFO  manager.MyListener - Start search element --->By.xpath: //a[text()=' Log in ']
18:27:28 [Test worker] INFO  manager.MyListener - The element --->By.xpath: //a[text()=' Log in '] was found
18:27:28 [Test worker] INFO  manager.MyListener - Start search element --->By.id: email
18:27:28 [Test worker] INFO  manager.MyListener - The element --->By.id: email was found
18:27:28 [Test worker] INFO  manager.MyListener - Start search element --->By.id: password
18:27:28 [Test worker] INFO  manager.MyListener - The element --->By.id: password was found
18:27:28 [Test worker] INFO  manager.MyListener - Start search element --->By.cssSelector: [type='submit']
18:27:28 [Test worker] INFO  manager.MyListener - The element --->By.cssSelector: [type='submit'] was found
18:27:28 [Test worker] INFO  manager.MyListener - Start search element --->By.cssSelector: #example-modal-sizes-title-lg
18:27:36 [Test worker] INFO  manager.MyListener - We have a throwable --> org.openqa.selenium.NoSuchElementException: no such element: Unable to locate element: {"method":"css selector","selector":"#example-modal-sizes-title-lg"}
  (Session info: chrome=96.0.4664.45)
For documentation on this error, please visit: https://www.seleniumhq.org/exceptions/no_such_element.html
Build info: version: '3.141.59', revision: 'e82be7d358', time: '2018-11-14T08:17:03'
System info: host: 'LAPTOP-TKIRCF4L', ip: '192.168.1.17', os.name: 'Windows 10', os.arch: 'amd64', os.version: '10.0', java.version: '1.8.0_312'
Driver info: org.openqa.selenium.chrome.ChromeDriver
Capabilities {acceptInsecureCerts: false, browserName: chrome, browserVersion: 96.0.4664.45, chrome: {chromedriverVersion: 96.0.4664.45 (76e4c1bb2ab46..., userDataDir: C:\Users\alisi\AppData\Loca...}, goog:chromeOptions: {debuggerAddress: localhost:50300}, javascriptEnabled: true, networkConnectionEnabled: false, pageLoadStrategy: normal, platform: WINDOWS, platformName: WINDOWS, proxy: Proxy(), setWindowRect: true, strictFileInteractability: false, timeouts: {implicit: 0, pageLoad: 300000, script: 30000}, unhandledPromptBehavior: dismiss and notify, webauthn:extension:credBlob: true, webauthn:extension:largeBlob: true, webauthn:virtualAuthenticators: true}
Session ID: 5096e774123b14ee05b4b6a12996ef39
*** Element info: {Using=css selector, value=#example-modal-sizes-title-lg}
18:27:36 [Test worker] INFO  manager.MyListener - Screenshot with throwable -->src/test/screenshots/screenshot-1656.png
18:27:36 [Test worker] INFO  manager.NgListener - Test Failure -->org.openqa.selenium.NoSuchElementException: no such element: Unable to locate element: {"method":"css selector","selector":"#example-modal-sizes-title-lg"}
  (Session info: chrome=96.0.4664.45)
For documentation on this error, please visit: https://www.seleniumhq.org/exceptions/no_such_element.html
Build info: version: '3.141.59', revision: 'e82be7d358', time: '2018-11-14T08:17:03'
System info: host: 'LAPTOP-TKIRCF4L', ip: '192.168.1.17', os.name: 'Windows 10', os.arch: 'amd64', os.version: '10.0', java.version: '1.8.0_312'
Driver info: org.openqa.selenium.chrome.ChromeDriver
Capabilities {acceptInsecureCerts: false, browserName: chrome, browserVersion: 96.0.4664.45, chrome: {chromedriverVersion: 96.0.4664.45 (76e4c1bb2ab46..., userDataDir: C:\Users\alisi\AppData\Loca...}, goog:chromeOptions: {debuggerAddress: localhost:50300}, javascriptEnabled: true, networkConnectionEnabled: false, pageLoadStrategy: normal, platform: WINDOWS, platformName: WINDOWS, proxy: Proxy(), setWindowRect: true, strictFileInteractability: false, timeouts: {implicit: 0, pageLoad: 300000, script: 30000}, unhandledPromptBehavior: dismiss and notify, webauthn:extension:credBlob: true, webauthn:extension:largeBlob: true, webauthn:virtualAuthenticators: true}
Session ID: 5096e774123b14ee05b4b6a12996ef39
*** Element info: {Using=css selector, value=#example-modal-sizes-title-lg}
18:27:36 [Test worker] INFO  manager.MyListener - Start search element --->By.xpath: //button[text()='Ok']
18:27:37 [Test worker] INFO  manager.MyListener - The element --->By.xpath: //button[text()='Ok'] was found
18:27:37 [Test worker] INFO  manager.MyListener - Start search element --->By.xpath: //button[text()='Ok']
18:27:37 [Test worker] INFO  manager.MyListener - The element --->By.xpath: //button[text()='Ok'] was found
18:27:37 [Test worker] INFO  tests.TestBase - The end of test---->loginSuccess
