17:56:33 [Test worker] INFO  manager.ApplicationManager - Tests starts on Chrome Driver
17:56:35 [Test worker] INFO  manager.ApplicationManager - Navigate to link ---> https://ilcarro.xyz/search
17:56:35 [Test worker] INFO  tests.TestBase - Start test --->loginSuccess
17:56:35 [Test worker] INFO  manager.MyListener - Start search element --->By.xpath: //a[text()=' Log in ']
17:56:35 [Test worker] INFO  manager.MyListener - The element --->By.xpath: //a[text()=' Log in '] was found
17:56:35 [Test worker] INFO  manager.NgListener - Start of test ---->loginSuccess
17:56:35 [Test worker] INFO  tests.TestBase - With user ---->models.User@5bde0351
17:56:35 [Test worker] INFO  manager.MyListener - Start search element --->By.xpath: //a[text()=' Log in ']
17:56:35 [Test worker] INFO  manager.MyListener - The element --->By.xpath: //a[text()=' Log in '] was found
17:56:35 [Test worker] INFO  manager.MyListener - Start search element --->By.id: email
17:56:35 [Test worker] INFO  manager.MyListener - The element --->By.id: email was found
17:56:36 [Test worker] INFO  manager.MyListener - Start search element --->By.id: password
17:56:36 [Test worker] INFO  manager.MyListener - The element --->By.id: password was found
17:56:36 [Test worker] INFO  manager.MyListener - Start search element --->By.xpath: //button[@type='submit']
17:56:36 [Test worker] INFO  manager.MyListener - The element --->By.xpath: //button[@type='submit'] was found
17:56:36 [Test worker] INFO  manager.NgListener - Success test ---->loginSuccess
17:56:36 [Test worker] INFO  manager.MyListener - Start search element --->By.xpath: //button[text()='Ok']
17:56:44 [Test worker] INFO  manager.MyListener - The element --->By.xpath: //button[text()='Ok'] was found
17:56:44 [Test worker] INFO  tests.TestBase - The end of test---->loginSuccess
17:56:44 [Test worker] INFO  tests.TestBase - Start test --->loginSuccess
17:56:44 [Test worker] INFO  manager.MyListener - Start search element --->By.xpath: //a[text()=' Log in ']
17:56:44 [Test worker] INFO  manager.MyListener - The element --->By.xpath: //a[text()=' Log in '] was found
17:56:44 [Test worker] INFO  manager.NgListener - Start of test ---->loginSuccess
17:56:44 [Test worker] INFO  tests.TestBase - With user ---->models.User@3499cc2c
17:56:44 [Test worker] INFO  manager.MyListener - Start search element --->By.xpath: //a[text()=' Log in ']
17:56:44 [Test worker] INFO  manager.MyListener - The element --->By.xpath: //a[text()=' Log in '] was found
17:56:44 [Test worker] INFO  manager.MyListener - Start search element --->By.id: email
17:56:44 [Test worker] INFO  manager.MyListener - The element --->By.id: email was found
17:56:45 [Test worker] INFO  manager.MyListener - We have a throwable --> org.openqa.selenium.ElementClickInterceptedException: element click intercepted: Element <input _ngcontent-kuh-c100="" autocomplete="username" formcontrolname="email" id="email" type="email" class="ng-dirty ng-valid ng-touched"> is not clickable at point (1217, 284). Other element would receive the click: <div _ngcontent-kuh-c105="" class="login-registration-progress-container">...</div>
  (Session info: chrome=96.0.4664.45)
Build info: version: '3.141.59', revision: 'e82be7d358', time: '2018-11-14T08:17:03'
System info: host: 'LAPTOP-TKIRCF4L', ip: '192.168.1.17', os.name: 'Windows 10', os.arch: 'amd64', os.version: '10.0', java.version: '1.8.0_312'
Driver info: org.openqa.selenium.chrome.ChromeDriver
Capabilities {acceptInsecureCerts: false, browserName: chrome, browserVersion: 96.0.4664.45, chrome: {chromedriverVersion: 96.0.4664.45 (76e4c1bb2ab46..., userDataDir: C:\Users\alisi\AppData\Loca...}, goog:chromeOptions: {debuggerAddress: localhost:51553}, javascriptEnabled: true, networkConnectionEnabled: false, pageLoadStrategy: normal, platform: WINDOWS, platformName: WINDOWS, proxy: Proxy(), setWindowRect: true, strictFileInteractability: false, timeouts: {implicit: 0, pageLoad: 300000, script: 30000}, unhandledPromptBehavior: dismiss and notify, webauthn:extension:credBlob: true, webauthn:extension:largeBlob: true, webauthn:virtualAuthenticators: true}
Session ID: 532e34f523265686f1fc1c912e8a9df2
17:56:45 [Test worker] INFO  manager.MyListener - Screenshot with throwable -->src/test/screenshots/screenshot-3405.png
17:56:45 [Test worker] INFO  manager.NgListener - Test Failure -->org.openqa.selenium.ElementClickInterceptedException: element click intercepted: Element <input _ngcontent-kuh-c100="" autocomplete="username" formcontrolname="email" id="email" type="email" class="ng-dirty ng-valid ng-touched"> is not clickable at point (1217, 284). Other element would receive the click: <div _ngcontent-kuh-c105="" class="login-registration-progress-container">...</div>
  (Session info: chrome=96.0.4664.45)
Build info: version: '3.141.59', revision: 'e82be7d358', time: '2018-11-14T08:17:03'
System info: host: 'LAPTOP-TKIRCF4L', ip: '192.168.1.17', os.name: 'Windows 10', os.arch: 'amd64', os.version: '10.0', java.version: '1.8.0_312'
Driver info: org.openqa.selenium.chrome.ChromeDriver
Capabilities {acceptInsecureCerts: false, browserName: chrome, browserVersion: 96.0.4664.45, chrome: {chromedriverVersion: 96.0.4664.45 (76e4c1bb2ab46..., userDataDir: C:\Users\alisi\AppData\Loca...}, goog:chromeOptions: {debuggerAddress: localhost:51553}, javascriptEnabled: true, networkConnectionEnabled: false, pageLoadStrategy: normal, platform: WINDOWS, platformName: WINDOWS, proxy: Proxy(), setWindowRect: true, strictFileInteractability: false, timeouts: {implicit: 0, pageLoad: 300000, script: 30000}, unhandledPromptBehavior: dismiss and notify, webauthn:extension:credBlob: true, webauthn:extension:largeBlob: true, webauthn:virtualAuthenticators: true}
Session ID: 532e34f523265686f1fc1c912e8a9df2
17:56:45 [Test worker] INFO  manager.MyListener - Start search element --->By.xpath: //button[text()='Ok']
17:56:51 [Test worker] INFO  manager.MyListener - The element --->By.xpath: //button[text()='Ok'] was found
17:56:51 [Test worker] INFO  manager.MyListener - Start search element --->By.xpath: //button[text()='Ok']
17:56:51 [Test worker] INFO  manager.MyListener - The element --->By.xpath: //button[text()='Ok'] was found
17:56:51 [Test worker] INFO  tests.TestBase - The end of test---->loginSuccess
